Warning: Function C:\ratter\ExperPort\FakeRP\isvector.m has the same name as a 
MATLAB builtin. We suggest you rename the function to avoid a potential name 
conflict.  
Compiler version: 4.9 (R2008b)  
mcc -o 'TrainingRoomStatus' -W 'main' -d 'C:\ratter\ExperPort\Utility\AutomatedEmails\TrainingRoomStatus\src' -T 'link:exe' -v 'C:\ratter\ExperPort\Utility\AutomatedEmails\training_room_status_wrapper.m' -a 'C:\ratter\ExperPort\Utility\AutomatedEmails\training_room_status.m' -a 'C:\ratter\ExperPort\Utility\GlobalControlSystem\check_running.m' -a 'C:\ratter\ExperPort\Utility\MassMeister\update_lists.m' -a 'C:\ratter\ExperPort\Utility\WaterMeister\init_check.m' -a 'C:\ratter\ExperPort\MySQLUtility\bdata.p' -a 'C:\ratter\ExperPort\MySQLUtility\mym.mexw32' -a 'C:\ratter\ExperPort\MySQLUtility\LIBMYSQL.dll' -a 'C:\ratter\ExperPort\MySQLUtility\zlibwapi.dll' -a 'C:\ratter\ExperPort\Modules\bSettings.m' -a 'C:\ratter\ExperPort\Settings\Settings_Custom.conf'  
Warning: Name is nonexistent or not a directory: C:\Program 
Files\Matlab\R2008b\toolbox\compiler\patch.  
Warning: Name is nonexistent or not a directory: C:\Program 
Files\Matlab\R2008b\toolbox\compiler\patch.  
Processing C:\Program Files\Matlab\R2008b\toolbox\matlab\mcc.enc 
Processing include files... 
2 item(s) added. 
Processing directories installed with MCR... 
The file C:\ratter\ExperPort\Utility\AutomatedEmails\TrainingRoomStatus\src\mccExcludedFiles.log contains a list of functions excluded from the CTF archive. 
2 item(s) added. 
Generating MATLAB path for the compiled application... 
Created 52 path items. 
Begin validation of MEX files: Tue Aug 20 11:39:12 2019  
Validating 'C:\ratter\ExperPort\MySQLUtility\mym.mexw32'.  
Found M-file 'C:\ratter\ExperPort\MySQLUtility\mym.m'.  
MEX file  
    'C:\ratter\ExperPort\MySQLUtility\mym.mexw32'  
 is valid. It contains 'mexFunction.'  
End validation of MEX files: Tue Aug 20 11:41:15 2019  
Warning: Name is nonexistent or not a directory: C:\Program 
Files\Matlab\R2008b\toolbox\compiler\patch.  
Deleting 3 temporary MEX authorization files.  
Removing: 'C:\Users\brodylab\AppData\Local\Temp\mathworks_tmp_4848_18524_4848.auth'.  
Removing: 'C:\Users\brodylab\AppData\Local\Temp\mathworks_tmp_4848_9027_4848.auth'.  
Removing: 'C:\Users\brodylab\AppData\Local\Temp\mathworks_tmp_4848_4819_4848.auth'.  
Parsing file "C:\ratter\ExperPort\Utility\AutomatedEmails\training_room_status_wrapper.m" 
	(Referenced from: "Compiler Command Line").  
Parsing file "C:\Program Files\Matlab\R2008b\toolbox\compiler\deploy\deployprint.m" 
	(Referenced from: "Compiler Command Line").  
Parsing file "C:\Program Files\Matlab\R2008b\toolbox\compiler\deploy\printdlg.m" 
	(Referenced from: "Compiler Command Line").  
Generating file "C:\ratter\ExperPort\Utility\AutomatedEmails\TrainingRoomStatus\src\TrainingRoomStatus_main.c".  
Generating file "C:\ratter\ExperPort\Utility\AutomatedEmails\TrainingRoomStatus\src\TrainingRoomStatus_delay_load.c".  
Generating file "C:\ratter\ExperPort\Utility\AutomatedEmails\TrainingRoomStatus\src\readme.txt".  
Generating file "C:\ratter\ExperPort\Utility\AutomatedEmails\TrainingRoomStatus\src\TrainingRoomStatus_mcc_component_data.c".  
Contents of temporary response file 'C:\Users\brodylab\AppData\Local\Temp\mathworks_tmp_4848_781':  
 ......................  
' -O -v -output "TrainingRoomStatus" -I"C:\ratter\ExperPort\Utility\AutomatedEmails\TrainingRoomStatus\src" "C:\ratter\ExperPort\Utility\AutomatedEmails\TrainingRoomStatus\src\TrainingRoomStatus_main.c" "C:\ratter\ExperPort\Utility\AutomatedEmails\TrainingRoomStatus\src\TrainingRoomStatus_delay_load.c" "C:\ratter\ExperPort\Utility\AutomatedEmails\TrainingRoomStatus\src\TrainingRoomStatus_mcc_component_data.c" -link exe  -env MCR_DELAYLOAD=/delayload:mclmcrrt79.dll -env MCR_DELAYLIB=delayimp.lib -outdir "C:\ratter\ExperPort\Utility\AutomatedEmails\TrainingRoomStatus\src"'  
......................  
Executing command: mbuild  "@C:\Users\brodylab\AppData\Local\Temp\mathworks_tmp_4848_781"  
 This is mbuild Copyright 1984-2006 The MathWorks, Inc. 
 
-> Default options filename found in C:\Users\brodylab\AppData\Roaming\MathWorks\MATLAB\R2008b 
---------------------------------------------------------------- 
->    Options file           = C:\Users\brodylab\AppData\Roaming\MathWorks\MATLAB\R2008b\compopts.bat 
->    COMPILER               = lcc 
->    Compiler flags: 
         COMPFLAGS           = -c -Zp8 -I"C:\PROGRA~1\Matlab\R2008b\sys\lcc\include" -noregistrylookup 
         OPTIMFLAGS          = -DNDEBUG 
         DEBUGFLAGS          = -g4 
         arguments           =  -IC:\RATTER\EXPERP~1\UTILITY\AUTOMA~1\TRAINI~1\SRC 
         Name switch         = -Fo 
->    Pre-linking commands   =  
->    LINKER                 = lcclnk 
->    Link directives: 
         LINKFLAGS           = -tmpdir "C:\RATTER\EXPERP~1\UTILITY\AUTOMA~1\TRAINI~1\SRC\." -L"C:\PROGRA~1\Matlab\R2008b\sys\lcc\lib" -libpath "C:\PROGRA~1\Matlab\R2008b\extern\lib\win32\lcc" 
         LINKFLAGSPOST       = mclmcrrt.lib 
         Name directive      = -o "C:\RATTER\EXPERP~1\UTILITY\AUTOMA~1\TRAINI~1\SRC\TrainingRoomStatus.exe" 
         File link directive =  
         Lib. link directive =  
         Rsp file indicator  = @ 
->    Resource Compiler      =  
->    Resource Linker        =  
---------------------------------------------------------------- 
 
 
--> lcc  -IC:\RATTER\EXPERP~1\UTILITY\AUTOMA~1\TRAINI~1\SRC -c -Zp8 -I"C:\PROGRA~1\Matlab\R2008b\sys\lcc\include" -noregistrylookup -FoC:\USERS\BRODYLAB\APPDATA\LOCAL\TEMP\MBUILD~1\TrainingRoomStatus_main.obj -IC:\PROGRA~1\Matlab\R2008b\extern\include -IC:\PROGRA~1\Matlab\R2008b\simulink\include -DNDEBUG C:\RATTER\EXPERP~1\UTILITY\AUTOMA~1\TRAINI~1\SRC\TrainingRoomStatus_main.c 
 
 
--> lcc  -IC:\RATTER\EXPERP~1\UTILITY\AUTOMA~1\TRAINI~1\SRC -c -Zp8 -I"C:\PROGRA~1\Matlab\R2008b\sys\lcc\include" -noregistrylookup -FoC:\USERS\BRODYLAB\APPDATA\LOCAL\TEMP\MBUILD~1\TrainingRoomStatus_delay_load.obj -IC:\PROGRA~1\Matlab\R2008b\extern\include -IC:\PROGRA~1\Matlab\R2008b\simulink\include -DNDEBUG C:\RATTER\EXPERP~1\UTILITY\AUTOMA~1\TRAINI~1\SRC\TrainingRoomStatus_delay_load.c 
 
Warning C:\RATTER\EXPERP~1\UTILITY\AUTOMA~1\TRAINI~1\SRC\TrainingRoomStatus_delay_load.c: 21  static `void function(void) FailedToLoadMCR' is not referenced 
0 errors, 1 warnings 
 
--> lcc  -IC:\RATTER\EXPERP~1\UTILITY\AUTOMA~1\TRAINI~1\SRC -c -Zp8 -I"C:\PROGRA~1\Matlab\R2008b\sys\lcc\include" -noregistrylookup -FoC:\USERS\BRODYLAB\APPDATA\LOCAL\TEMP\MBUILD~1\TrainingRoomStatus_mcc_component_data.obj -IC:\PROGRA~1\Matlab\R2008b\extern\include -IC:\PROGRA~1\Matlab\R2008b\simulink\include -DNDEBUG C:\RATTER\EXPERP~1\UTILITY\AUTOMA~1\TRAINI~1\SRC\TrainingRoomStatus_mcc_component_data.c 
 
    Contents of C:\USERS\BRODYLAB\APPDATA\LOCAL\TEMP\MBUILD~1\mbuild_tmp.rsp: 
  C:\USERS\BRODYLAB\APPDATA\LOCAL\TEMP\MBUILD~1\TrainingRoomStatus_main.obj  C:\USERS\BRODYLAB\APPDATA\LOCAL\TEMP\MBUILD~1\TrainingRoomStatus_delay_load.obj  C:\USERS\BRODYLAB\APPDATA\LOCAL\TEMP\MBUILD~1\TrainingRoomStatus_mcc_component_data.obj 
 
 
--> lcclnk -o "C:\RATTER\EXPERP~1\UTILITY\AUTOMA~1\TRAINI~1\SRC\TrainingRoomStatus.exe" -tmpdir "C:\RATTER\EXPERP~1\UTILITY\AUTOMA~1\TRAINI~1\SRC\." -L"C:\PROGRA~1\Matlab\R2008b\sys\lcc\lib" -libpath "C:\PROGRA~1\Matlab\R2008b\extern\lib\win32\lcc"  @C:\USERS\BRODYLAB\APPDATA\LOCAL\TEMP\MBUILD~1\MBUILD~1.RSP  mclmcrrt.lib 
 
Manually moving TrainingRoomStatus.exe to C:\RATTER\EXPERP~1\UTILITY\AUTOMA~1\TRAINI~1\SRC\TrainingRoomStatus.exe 
Manually moving TrainingRoomStatus.lib to C:\RATTER\EXPERP~1\UTILITY\AUTOMA~1\TRAINI~1\SRC\TrainingRoomStatus.lib 
Manually moving TrainingRoomStatus.exp to C:\RATTER\EXPERP~1\UTILITY\AUTOMA~1\TRAINI~1\SRC\TrainingRoomStatus.exp 
 
--> "if exist C:\USERS\BRODYLAB\APPDATA\LOCAL\TEMP\MBUILD~1\templib.def del C:\USERS\BRODYLAB\APPDATA\LOCAL\TEMP\MBUILD~1\templib.def" 
 
 
--> "if exist C:\USERS\BRODYLAB\APPDATA\LOCAL\TEMP\MBUILD~1\templib_stub.obj del C:\USERS\BRODYLAB\APPDATA\LOCAL\TEMP\MBUILD~1\templib_stub.obj" 
 
